<?xml version="1.0" encoding="UTF-8"?>
<!-- Generated by org.testng.reporters.JUnitXMLReporter -->
<testsuite ignored="0" hostname="Jory_Mosleh" failures="0" tests="3" name="Default test" time="5.91" errors="0" timestamp="2025-11-27T03:34:46 EET">
  <testcase classname="com.swaglabs.tests.CartFunctionalityTest" name="login" time="1.983"/>
  <testcase classname="com.swaglabs.tests.CartFunctionalityTest" name="addToCart" time="1.187"/>
  <testcase classname="com.swaglabs.tests.CartFunctionalityTest" name="removeFromCart" time="0.06"/>
</testsuite> <!-- Default test -->
