<?xml version="1.0" encoding="UTF-8"?>
<testng-results ignored="0" total="3" passed="3" failed="0" skipped="0">
  <reporter-output>
  </reporter-output>
  <suite started-at="2025-11-27T03:34:40 EET" name="Default suite" finished-at="2025-11-27T03:34:46 EET" duration-ms="5910">
    <groups>
    </groups>
    <test started-at="2025-11-27T03:34:40 EET" name="Default test" finished-at="2025-11-27T03:34:46 EET" duration-ms="5910">
      <class name="com.swaglabs.tests.CartFunctionalityTest">
        <test-method is-config="true" signature="mySetup()[pri:0, instance:com.swaglabs.tests.CartFunctionalityTest@4af0df05]" started-at="2025-11-27T03:34:40 EET" name="mySetup" finished-at="2025-11-27T03:34:42 EET" duration-ms="2552" status="PASS">
          <reporter-output>
          </reporter-output>
        </test-method> <!-- mySetup -->
        <test-method signature="login()[pri:1, instance:com.swaglabs.tests.CartFunctionalityTest@4af0df05]" started-at="2025-11-27T03:34:43 EET" name="login" finished-at="2025-11-27T03:34:45 EET" duration-ms="1983" status="PASS">
          <reporter-output>
          </reporter-output>
        </test-method> <!-- login -->
        <test-method signature="addToCart()[pri:2, instance:com.swaglabs.tests.CartFunctionalityTest@4af0df05]" started-at="2025-11-27T03:34:45 EET" name="addToCart" finished-at="2025-11-27T03:34:46 EET" duration-ms="1187" status="PASS">
          <reporter-output>
          </reporter-output>
        </test-method> <!-- addToCart -->
        <test-method signature="removeFromCart()[pri:3, instance:com.swaglabs.tests.CartFunctionalityTest@4af0df05]" started-at="2025-11-27T03:34:46 EET" name="removeFromCart" finished-at="2025-11-27T03:34:46 EET" duration-ms="60" status="PASS">
          <reporter-output>
          </reporter-output>
        </test-method> <!-- removeFromCart -->
        <test-method is-config="true" signature="afterFinishingTheTest()[pri:0, instance:com.swaglabs.tests.CartFunctionalityTest@4af0df05]" started-at="2025-11-27T03:34:46 EET" name="afterFinishingTheTest" finished-at="2025-11-27T03:34:46 EET" duration-ms="0" status="PASS">
          <reporter-output>
          </reporter-output>
        </test-method> <!-- afterFinishingTheTest -->
      </class> <!-- com.swaglabs.tests.CartFunctionalityTest -->
    </test> <!-- Default test -->
  </suite> <!-- Default suite -->
</testng-results>
