<?xml version="1.0" encoding="UTF-8"?>
<!-- Generated by org.testng.reporters.JUnitReportReporter -->
<testsuite hostname="Jory_Mosleh" failures="0" tests="3" name="com.swaglabs.tests.CartFunctionalityTest" time="3.230" errors="0" timestamp="2025-11-27T03:34:46 EET" skipped="0">
  <testcase classname="com.swaglabs.tests.CartFunctionalityTest" name="login" time="1.983"/>
  <testcase classname="com.swaglabs.tests.CartFunctionalityTest" name="addToCart" time="1.187"/>
  <testcase classname="com.swaglabs.tests.CartFunctionalityTest" name="removeFromCart" time="0.060"/>
</testsuite> <!-- com.swaglabs.tests.CartFunctionalityTest -->
